This is pdfTeX, Version 3.14159265-2.6-1.40.18 (TeX Live 2017/Debian) (preloaded format=pdflatex 2019.9.1)  3 MAR 2020 10:36
entering extended mode
 \write18 enabled.
 %&-line parsing enabled.
**template.tex
(./template.tex
LaTeX2e <2017-04-15>
Babel <3.18> and hyphenation patterns for 14 language(s) loaded.
(/usr/share/texlive/texmf-dist/tex/latex/standalone/standalone.cls
Document Class: standalone 2015/07/15 v1.2 Class to compile TeX sub-files stand
alone
(/usr/share/texlive/texmf-dist/tex/generic/oberdiek/ifluatex.sty
Package: ifluatex 2016/05/16 v1.4 Provides the ifluatex switch (HO)
Package ifluatex Info: LuaTeX not detected.
)
(/usr/share/texlive/texmf-dist/tex/generic/oberdiek/ifpdf.sty
Package: ifpdf 2017/03/15 v3.2 Provides the ifpdf switch
)
(/usr/share/texlive/texmf-dist/tex/generic/ifxetex/ifxetex.sty
Package: ifxetex 2010/09/12 v0.6 Provides ifxetex conditional
)
(/usr/share/texlive/texmf-dist/tex/latex/xkeyval/xkeyval.sty
Package: xkeyval 2014/12/03 v2.7a package option processing (HA)

(/usr/share/texlive/texmf-dist/tex/generic/xkeyval/xkeyval.tex
(/usr/share/texlive/texmf-dist/tex/generic/xkeyval/xkvutils.tex
\XKV@toks=\toks14
\XKV@tempa@toks=\toks15

(/usr/share/texlive/texmf-dist/tex/generic/xkeyval/keyval.tex))
\XKV@depth=\count79
File: xkeyval.tex 2014/12/03 v2.7a key=value parser (HA)
))
\sa@internal=\count80
\c@sapage=\count81

(/usr/share/texlive/texmf-dist/tex/latex/standalone/standalone.cfg
File: standalone.cfg 2015/07/15 v1.2 Default configuration file for 'standalone
' class
)
(/usr/share/texlive/texmf-dist/tex/latex/base/article.cls
Document Class: article 2014/09/29 v1.4h Standard LaTeX document class
(/usr/share/texlive/texmf-dist/tex/latex/base/size10.clo
File: size10.clo 2014/09/29 v1.4h Standard LaTeX file (size option)
)
\c@part=\count82
\c@section=\count83
\c@subsection=\count84
\c@subsubsection=\count85
\c@paragraph=\count86
\c@subparagraph=\count87
\c@figure=\count88
\c@table=\count89
\abovecaptionskip=\skip41
\belowcaptionskip=\skip42
\bibindent=\dimen102
)
\sa@box=\box26
runsystem(pdflatex  -shell-escape  -jobname 'template' '\expandafter\def\csname
 sa@internal@run\endcsname{1}\input{template}')...executed.

 (./template.aux)
runsystem(convert -density 300 template.pdf  -quality 90 template.png)...execut
ed.


Class standalone:
Output written on template.png.
 ) ) 
Here is how much of TeX's memory you used:
 692 strings out of 494757
 10796 string characters out of 6175786
 59352 words of memory out of 5000000
 4097 multiletter control sequences out of 15000+600000
 3640 words of font info for 14 fonts, out of 8000000 for 9000
 81 hyphenation exceptions out of 8191
 34i,1n,56p,180b,49s stack positions out of 5000i,500n,10000p,200000b,80000s

No pages of output.
PDF statistics:
 0 PDF objects out of 1000 (max. 8388607)
 0 named destinations out of 1000 (max. 500000)
 1 words of extra memory for PDF output out of 10000 (max. 10000000)

SB' substituted by `hsb' on input line 1369.
Package xcolor Info: Model `Gray' substituted by `gray' on input line 1370.
Package xcolor Info: Model `wave' substituted by `hsb' on input line 1371.
)
(/usr/share/texlive/texmf-dist/tex/latex/pgf/frontendlayer/tikz.sty
(/usr/share/texlive/texmf-dist/tex/latex/pgf/basiclayer/pgf.sty
(/usr/share/texlive/texmf-dist/tex/latex/pgf/utilities/pgfrcs.sty
(/usr/share/texlive/texmf-dist/tex/generic/pgf/utilities/pgfutil-common.tex
\pgfutil@everybye=\toks16
\pgfutil@tempdima=\dimen103
\pgfutil@tempdimb=\dimen104

(/usr/share/texlive/texmf-dist/tex/generic/pgf/utilities/pgfutil-common-lists.t
ex)) (/usr/share/texlive/texmf-dist/tex/generic/pgf/utilities/pgfutil-latex.def
\pgfutil@abb=\box27
(/usr/share/texlive/texmf-dist/tex/latex/ms/everyshi.sty
Package: everyshi 2001/05/15 v3.00 EveryShipout Package (MS)
))
(/usr/share/texlive/texmf-dist/tex/generic/pgf/utilities/pgfrcs.code.tex
Package: pgfrcs 2015/08/07 v3.0.1a (rcs-revision 1.31)
))
Package: pgf 2015/08/07 v3.0.1a (rcs-revision 1.15)

(/usr/share/texlive/texmf-dist/tex/latex/pgf/basiclayer/pgfcore.sty
(/usr/share/texlive/texmf-dist/tex/latex/graphics/graphicx.sty
Package: graphicx 2017/06/01 v1.1a Enhanced LaTeX Graphics (DPC,SPQR)

(/usr/share/texlive/texmf-dist/tex/latex/graphics/graphics.sty
Package: graphics 2017/06/25 v1.2c Standard LaTeX Graphics (DPC,SPQR)

(/usr/share/texlive/texmf-dist/tex/latex/graphics/trig.sty
Package: trig 2016/01/03 v1.10 sin cos tan (DPC)
)
(/usr/share/texlive/texmf-dist/tex/latex/graphics-cfg/graphics.cfg
File: graphics.cfg 2016/06/04 v1.11 sample graphics configuration
)
Package graphics Info: Driver file: pdftex.def on input line 99.
)
\Gin@req@height=\dimen105
\Gin@req@width=\dimen106
)
(/usr/share/texlive/texmf-dist/tex/latex/pgf/systemlayer/pgfsys.sty
(/usr/share/texlive/texmf-dist/tex/generic/pgf/systemlayer/pgfsys.code.tex
Package: pgfsys 2014/07/09 v3.0.1a (rcs-revision 1.48)

(/usr/share/texlive/texmf-dist/tex/generic/pgf/utilities/pgfkeys.code.tex
\pgfkeys@pathtoks=\toks17
\pgfkeys@temptoks=\toks18

(/usr/share/texlive/texmf-dist/tex/generic/pgf/utilities/pgfkeysfiltered.code.t
ex
\pgfkeys@tmptoks=\toks19
))
\pgf@x=\dimen107
\pgf@y=\dimen108
\pgf@xa=\dimen109
\pgf@ya=\dimen110
\pgf@xb=\dimen111
\pgf@yb=\dimen112
\pgf@xc=\dimen113
\pgf@yc=\dimen114
\w@pgf@writea=\write3
\r@pgf@reada=\read1
\c@pgf@counta=\count90
\c@pgf@countb=\count91
\c@pgf@countc=\count92
\c@pgf@countd=\count93
\t@pgf@toka=\toks20
\t@pgf@tokb=\toks21
\t@pgf@tokc=\toks22
 (/usr/share/texlive/texmf-dist/tex/generic/pgf/systemlayer/pgf.cfg
File: pgf.cfg 2008/05/14  (rcs-revision 1.7)
)
Driver file for pgf: pgfsys-pdftex.def

(/usr/share/texlive/texmf-dist/tex/generic/pgf/systemlayer/pgfsys-pdftex.def
File: pgfsys-pdftex.def 2014/10/11  (rcs-revision 1.35)

(/usr/share/texlive/texmf-dist/tex/generic/pgf/systemlayer/pgfsys-common-pdf.de
f
File: pgfsys-common-pdf.def 2013/10/10  (rcs-revision 1.13)
)))
(/usr/share/texlive/texmf-dist/tex/generic/pgf/systemlayer/pgfsyssoftpath.code.
tex
File: pgfsyssoftpath.code.tex 2013/09/09  (rcs-revision 1.9)
\pgfsyssoftpath@smallbuffer@items=\count94
\pgfsyssoftpath@bigbuffer@items=\count95
)
(/usr/share/texlive/texmf-dist/tex/generic/pgf/systemlayer/pgfsysprotocol.code.
tex
File: pgfsysprotocol.code.tex 2006/10/16  (rcs-revision 1.4)
))
(/usr/share/texlive/texmf-dist/tex/generic/pgf/basiclayer/pgfcore.code.tex
Package: pgfcore 2010/04/11 v3.0.1a (rcs-revision 1.7)

(/usr/share/texlive/texmf-dist/tex/generic/pgf/math/pgfmath.code.tex
(/usr/share/texlive/texmf-dist/tex/generic/pgf/math/pgfmathcalc.code.tex
(/usr/share/texlive/texmf-dist/tex/generic/pgf/math/pgfmathutil.code.tex)
(/usr/share/texlive/texmf-dist/tex/generic/pgf/math/pgfmathparser.code.tex
\pgfmath@dimen=\dimen115
\pgfmath@count=\count96
\pgfmath@box=\box28
\pgfmath@toks=\toks23
\pgfmath@stack@operand=\toks24
\pgfmath@stack@operation=\toks25
)
(/usr/share/texlive/texmf-dist/tex/generic/pgf/math/pgfmathfunctions.code.tex
(/usr/share/texlive/texmf-dist/tex/generic/pgf/math/pgfmathfunctions.basic.code
.tex)
(/usr/share/texlive/texmf-dist/tex/generic/pgf/math/pgfmathfunctions.trigonomet
ric.code.tex)
(/usr/share/texlive/texmf-dist/tex/generic/pgf/math/pgfmathfunctions.random.cod
e.tex)
(/usr/share/texlive/texmf-dist/tex/generic/pgf/math/pgfmathfunctions.comparison
.code.tex)
(/usr/share/texlive/texmf-dist/tex/generic/pgf/math/pgfmathfunctions.base.code.
tex)
(/usr/share/texlive/texmf-dist/tex/generic/pgf/math/pgfmathfunctions.round.code
.tex)
(/usr/share/texlive/texmf-dist/tex/generic/pgf/math/pgfmathfunctions.misc.code.
tex)
(/usr/share/texlive/texmf-dist/tex/generic/pgf/math/pgfmathfunctions.integerari
thmetics.code.tex)))
(/usr/share/texlive/texmf-dist/tex/generic/pgf/math/pgfmathfloat.code.tex
\c@pgfmathroundto@lastzeros=\count97
))
(/usr/share/texlive/texmf-dist/tex/generic/pgf/basiclayer/pgfcorepoints.code.te
x
File: pgfcorepoints.code.tex 2013/10/07  (rcs-revision 1.27)
\pgf@picminx=\dimen116
\pgf@picmaxx=\dimen117
\pgf@picminy=\dimen118
\pgf@picmaxy=\dimen119
\pgf@pathminx=\dimen120
\pgf@pathmaxx=\dimen121
\pgf@pathminy=\dimen122
\pgf@pathmaxy=\dimen123
\pgf@xx=\dimen124
\pgf@xy=\dimen125
\pgf@yx=\dimen126
\pgf@yy=\dimen127
\pgf@zx=\dimen128
\pgf@zy=\dimen129
)
(/usr/share/texlive/texmf-dist/tex/generic/pgf/basiclayer/pgfcorepathconstruct.
code.tex
File: pgfcorepathconstruct.code.tex 2013/10/07  (rcs-revision 1.29)
\pgf@path@lastx=\dimen130
\pgf@path@lasty=\dimen131
)
(/usr/share/texlive/texmf-dist/tex/generic/pgf/basiclayer/pgfcorepathusage.code
.tex
File: pgfcorepathusage.code.tex 2014/11/02  (rcs-revision 1.24)
\pgf@shorten@end@additional=\dimen132
\pgf@shorten@start@additional=\dimen133
)
(/usr/share/texlive/texmf-dist/tex/generic/pgf/basiclayer/pgfcorescopes.code.te
x
File: pgfcorescopes.code.tex 2015/05/08  (rcs-revision 1.46)
\pgfpic=\box29
\pgf@hbox=\box30
\pgf@layerbox@main=\box31
\pgf@picture@serial@count=\count98
)
(/usr/share/texlive/texmf-dist/tex/generic/pgf/basiclayer/pgfcoregraphicstate.c
ode.tex
File: pgfcoregraphicstate.code.tex 2014/11/02  (rcs-revision 1.12)
\pgflinewidth=\dimen134
)
(/usr/share/texlive/texmf-dist/tex/generic/pgf/basiclayer/pgfcoretransformation
s.code.tex
File: pgfcoretransformations.code.tex 2015/08/07  (rcs-revision 1.20)
\pgf@pt@x=\dimen135
\pgf@pt@y=\dimen136
\pgf@pt@temp=\dimen137
)
(/usr/share/texlive/texmf-dist/tex/generic/pgf/basiclayer/pgfcorequick.code.tex
File: pgfcorequick.code.tex 2008/10/09  (rcs-revision 1.3)
)
(/usr/share/texlive/texmf-dist/tex/generic/pgf/basiclayer/pgfcoreobjects.code.t
ex
File: pgfcoreobjects.code.tex 2006/10/11  (rcs-revision 1.2)
)
(/usr/share/texlive/texmf-dist/tex/generic/pgf/basiclayer/pgfcorepathprocessing
.code.tex
File: pgfcorepathprocessing.code.tex 2013/09/09  (rcs-revision 1.9)
)
(/usr/share/texlive/texmf-dist/tex/generic/pgf/basiclayer/pgfcorearrows.code.te
x
File: pgfcorearrows.code.tex 2015/05/14  (rcs-revision 1.43)
\pgfarrowsep=\dimen138
)
(/usr/share/texlive/texmf-dist/tex/generic/pgf/basiclayer/pgfcoreshade.code.tex
File: pgfcoreshade.code.tex 2013/07/15  (rcs-revision 1.15)
\pgf@max=\dimen139
\pgf@sys@shading@range@num=\count99
)
(/usr/share/texlive/texmf-dist/tex/generic/pgf/basiclayer/pgfcoreimage.code.tex
File: pgfcoreimage.code.tex 2013/07/15  (rcs-revision 1.18)

(/usr/share/texlive/texmf-dist/tex/generic/pgf/basiclayer/pgfcoreexternal.code.
tex
File: pgfcoreexternal.code.tex 2014/07/09  (rcs-revision 1.21)
\pgfexternal@startupbox=\box32
))
(/usr/share/texlive/texmf-dist/tex/generic/pgf/basiclayer/pgfcorelayers.code.te
x
File: pgfcorelayers.code.tex 2013/07/18  (rcs-revision 1.7)
)
(/usr/share/texlive/texmf-dist/tex/generic/pgf/basiclayer/pgfcoretransparency.c
ode.tex
File: pgfcoretransparency.code.tex 2013/09/30  (rcs-revision 1.5)
)
(/usr/share/texlive/texmf-dist/tex/generic/pgf/basiclayer/pgfcorepatterns.code.
tex
File: pgfcorepatterns.code.tex 2013/11/07  (rcs-revision 1.5)
)))
(/usr/share/texlive/texmf-dist/tex/generic/pgf/modules/pgfmoduleshapes.code.tex
File: pgfmoduleshapes.code.tex 2014/03/21  (rcs-revision 1.35)
\pgfnodeparttextbox=\box33
) (/usr/share/texlive/texmf-dist/tex/generic/pgf/modules/pgfmoduleplot.code.tex
File: pgfmoduleplot.code.tex 2015/08/03  (rcs-revision 1.13)
)
(/usr/share/texlive/texmf-dist/tex/latex/pgf/compatibility/pgfcomp-version-0-65
.sty
Package: pgfcomp-version-0-65 2007/07/03 v3.0.1a (rcs-revision 1.7)
\pgf@nodesepstart=\dimen140
\pgf@nodesepend=\dimen141
)
(/usr/share/texlive/texmf-dist/tex/latex/pgf/compatibility/pgfcomp-version-1-18
.sty
Package: pgfcomp-version-1-18 2007/07/23 v3.0.1a (rcs-revision 1.1)
)) (/usr/share/texlive/texmf-dist/tex/latex/pgf/utilities/pgffor.sty
(/usr/share/texlive/texmf-dist/tex/latex/pgf/utilities/pgfkeys.sty
(/usr/share/texlive/texmf-dist/tex/generic/pgf/utilities/pgfkeys.code.tex))
(/usr/share/texlive/texmf-dist/tex/latex/pgf/math/pgfmath.sty
(/usr/share/texlive/texmf-dist/tex/generic/pgf/math/pgfmath.code.tex))
(/usr/share/texlive/texmf-dist/tex/generic/pgf/utilities/pgffor.code.tex
Package: pgffor 2013/12/13 v3.0.1a (rcs-revision 1.25)

(/usr/share/texlive/texmf-dist/tex/generic/pgf/math/pgfmath.code.tex)
\pgffor@iter=\dimen142
\pgffor@skip=\dimen143
\pgffor@stack=\toks26
\pgffor@toks=\toks27
))
(/usr/share/texlive/texmf-dist/tex/generic/pgf/frontendlayer/tikz/tikz.code.tex
Package: tikz 2015/08/07 v3.0.1a (rcs-revision 1.151)

(/usr/share/texlive/texmf-dist/tex/generic/pgf/libraries/pgflibraryplothandlers
.code.tex
File: pgflibraryplothandlers.code.tex 2013/08/31 v3.0.1a (rcs-revision 1.20)
\pgf@plot@mark@count=\count100
\pgfplotmarksize=\dimen144
)
\tikz@lastx=\dimen145
\tikz@lasty=\dimen146
\tikz@lastxsaved=\dimen147
\tikz@lastysaved=\dimen148
\tikzleveldistance=\dimen149
\tikzsiblingdistance=\dimen150
\tikz@figbox=\box34
\tikz@figbox@bg=\box35
\tikz@tempbox=\box36
\tikz@tempbox@bg=\box37
\tikztreelevel=\count101
\tikznumberofchildren=\count102
\tikznumberofcurrentchild=\count103
\tikz@fig@count=\count104

(/usr/share/texlive/texmf-dist/tex/generic/pgf/modules/pgfmodulematrix.code.tex
File: pgfmodulematrix.code.tex 2013/09/17  (rcs-revision 1.8)
\pgfmatrixcurrentrow=\count105
\pgfmatrixcurrentcolumn=\count106
\pgf@matrix@numberofcolumns=\count107
)
\tikz@expandcount=\count108

(/usr/share/texlive/texmf-dist/tex/generic/pgf/frontendlayer/tikz/libraries/tik
zlibrarytopaths.code.tex
File: tikzlibrarytopaths.code.tex 2008/06/17 v3.0.1a (rcs-revision 1.2)
)))
(/usr/share/texlive/texmf-dist/tex/generic/pgf/libraries/pgflibraryarrows.meta.
code.tex
File: pgflibraryarrows.meta.code.tex 2015/05/13 v3.0.1a (rcs-revision 1.13)
\pgfarrowinset=\dimen151
\pgfarrowlength=\dimen152
\pgfarrowwidth=\dimen153
\pgfarrowlinewidth=\dimen154
)
(/usr/share/texlive/texmf-dist/tex/generic/pgf/frontendlayer/tikz/libraries/tik
zlibrarycalc.code.tex
File: tikzlibrarycalc.code.tex 2013/07/15 v3.0.1a (rcs-revision 1.9)
)
(/usr/share/texlive/texmf-dist/tex/generic/pgf/frontendlayer/tikz/libraries/tik
zlibraryfadings.code.tex
File: tikzlibraryfadings.code.tex 2009/11/15 v3.0.1a (rcs-revision 1.2)

(/usr/share/texlive/texmf-dist/tex/generic/pgf/libraries/pgflibraryfadings.code
.tex
File: pgflibraryfadings.code.tex 2008/02/07 v3.0.1a (rcs-revision 1.3)
)) (/usr/share/texlive/texmf-dist/tex/latex/pgfplots/pgfplots.sty
(/usr/share/texlive/texmf-dist/tex/generic/pgfplots/pgfplots.revision.tex)
Package: pgfplots 2017/06/05 v1.15 Data Visualization (1.15)

(/usr/share/texlive/texmf-dist/tex/generic/pgfplots/pgfplots.code.tex
(/usr/share/texlive/texmf-dist/tex/generic/pgfplots/pgfplotscore.code.tex
\t@pgfplots@toka=\toks28
\t@pgfplots@tokb=\toks29
\t@pgfplots@tokc=\toks30
\pgfplots@tmpa=\dimen155
\c@pgfplots@coordindex=\count109
\c@pgfplots@scanlineindex=\count110

(/usr/share/texlive/texmf-dist/tex/generic/pgfplots/sys/pgfplotssysgeneric.code
.tex))
(/usr/share/texlive/texmf-dist/tex/generic/pgfplots/libs/pgfplotslibrary.code.t
ex)
(/usr/share/texlive/texmf-dist/tex/generic/pgfplots/oldpgfcompatib/pgfplotsoldp
gfsupp_loader.code.tex
(/usr/share/texlive/texmf-dist/tex/generic/pgf/libraries/pgflibraryfpu.code.tex
)
Package pgfplots: loading complementary arithmetics for your pgf version...

(/usr/share/texlive/texmf-dist/tex/generic/pgfplots/oldpgfcompatib/pgfplotsoldp
gfsupp_pgflibraryfpu.code.tex)
(/usr/share/texlive/texmf-dist/tex/generic/pgfplots/oldpgfcompatib/pgfplotsoldp
gfsupp_pgfmathfloat.code.tex
\c@pgfmathroundto@lastzeros=\count111
))
(/usr/share/texlive/texmf-dist/tex/generic/pgfplots/util/pgfplotsutil.code.tex
(/usr/share/texlive/texmf-dist/tex/generic/pgfplots/liststructure/pgfplotslists
tructure.code.tex)
(/usr/share/texlive/texmf-dist/tex/generic/pgfplots/liststructure/pgfplotslists
tructureext.code.tex)
(/usr/share/texlive/texmf-dist/tex/generic/pgfplots/liststructure/pgfplotsarray
.code.tex
\c@pgfplotsarray@tmp=\count112
)
(/usr/share/texlive/texmf-dist/tex/generic/pgfplots/liststructure/pgfplotsmatri
x.code.tex)
(/usr/share/texlive/texmf-dist/tex/generic/pgfplots/numtable/pgfplotstableshare
d.code.tex
\c@pgfplotstable@counta=\count113
\t@pgfplotstable@a=\toks31
)
(/usr/share/texlive/texmf-dist/tex/generic/pgfplots/liststructure/pgfplotsdeque
.code.tex)
(/usr/share/texlive/texmf-dist/tex/generic/pgfplots/util/pgfplotsbinary.code.te
x
(/usr/share/texlive/texmf-dist/tex/generic/pgfplots/util/pgfplotsbinary.data.co
de.tex))
(/usr/share/texlive/texmf-dist/tex/generic/pgfplots/util/pgfplotsutil.verb.code
.tex)
(/usr/share/texlive/texmf-dist/tex/generic/pgfplots/libs/pgflibrarypgfplots.sur
fshading.code.tex
\c@pgfplotslibrarysurf@no=\count114

(/usr/share/texlive/texmf-dist/tex/generic/pgfplots/sys/pgflibrarypgfplots.surf
shading.pgfsys-pdftex.def)))
(/usr/share/texlive/texmf-dist/tex/generic/pgfplots/util/pgfplotscolormap.code.
tex
(/usr/share/texlive/texmf-dist/tex/generic/pgfplots/util/pgfplotscolor.code.tex
))
(/usr/share/texlive/texmf-dist/tex/generic/pgfplots/pgfplotsstackedplots.code.t
ex)
(/usr/share/texlive/texmf-dist/tex/generic/pgfplots/pgfplotsplothandlers.code.t
ex
(/usr/share/texlive/texmf-dist/tex/generic/pgfplots/pgfplotsmeshplothandler.cod
e.tex
(/usr/share/texlive/texmf-dist/tex/generic/pgfplots/pgfplotsmeshplotimage.code.
tex)))
(/usr/share/texlive/texmf-dist/tex/generic/pgfplots/pgfplots.scaling.code.tex)
(/usr/share/texlive/texmf-dist/tex/generic/pgfplots/pgfplotscoordprocessing.cod
e.tex)
(/usr/share/texlive/texmf-dist/tex/generic/pgfplots/pgfplots.errorbars.code.tex
) (/usr/share/texlive/texmf-dist/tex/generic/pgfplots/pgfplots.markers.code.tex
) (/usr/share/texlive/texmf-dist/tex/generic/pgfplots/pgfplotsticks.code.tex)
(/usr/share/texlive/texmf-dist/tex/generic/pgfplots/pgfplots.paths.code.tex)
(/usr/share/texlive/texmf-dist/tex/generic/pgf/frontendlayer/tikz/libraries/tik
zlibrarydecorations.code.tex
(/usr/share/texlive/texmf-dist/tex/generic/pgf/modules/pgfmoduledecorations.cod
e.tex
\pgfdecoratedcompleteddistance=\dimen156
\pgfdecoratedremainingdistance=\dimen157
\pgfdecoratedinputsegmentcompleteddistance=\dimen158
\pgfdecoratedinputsegmentremainingdistance=\dimen159
\pgf@decorate@distancetomove=\dimen160
\pgf@decorate@repeatstate=\count115
\pgfdecorationsegmentamplitude=\dimen161
\pgfdecorationsegmentlength=\dimen162
)
\tikz@lib@dec@box=\box38
)
(/usr/share/texlive/texmf-dist/tex/generic/pgf/frontendlayer/tikz/libraries/tik
zlibrarydecorations.pathmorphing.code.tex
(/usr/share/texlive/texmf-dist/tex/generic/pgf/libraries/decorations/pgflibrary
decorations.pathmorphing.code.tex))
(/usr/share/texlive/texmf-dist/tex/generic/pgf/frontendlayer/tikz/libraries/tik
zlibrarydecorations.pathreplacing.code.tex
(/usr/share/texlive/texmf-dist/tex/generic/pgf/libraries/decorations/pgflibrary
decorations.pathreplacing.code.tex))
\pgfplots@numplots=\count116
\pgfplots@xmin@reg=\dimen163
\pgfplots@xmax@reg=\dimen164
\pgfplots@ymin@reg=\dimen165
\pgfplots@ymax@reg=\dimen166
\pgfplots@zmin@reg=\dimen167
\pgfplots@zmax@reg=\dimen168
)
(/usr/share/texlive/texmf-dist/tex/generic/pgf/frontendlayer/tikz/libraries/tik
zlibraryplotmarks.code.tex
File: tikzlibraryplotmarks.code.tex 2008/01/09 v3.0.1a (rcs-revision 1.1)

(/usr/share/texlive/texmf-dist/tex/generic/pgf/libraries/pgflibraryplotmarks.co
de.tex
File: pgflibraryplotmarks.code.tex 2015/08/03 v3.0.1a (rcs-revision 1.14)
)))
(/usr/share/texlive/texmf-dist/tex/generic/pgfplots/libs/tikzlibrarypgfplots.fi
llbetween.code.tex
(/usr/share/texlive/texmf-dist/tex/generic/pgfplots/pgfcontrib/tikzlibraryfillb
etween.code.tex
(/usr/share/texlive/texmf-dist/tex/generic/pgf/frontendlayer/tikz/libraries/tik
zlibraryintersections.code.tex
(/usr/share/texlive/texmf-dist/tex/generic/pgf/libraries/pgflibraryintersection
s.code.tex
\pgf@intersect@solutions=\count117
))
(/usr/share/texlive/texmf-dist/tex/generic/pgfplots/pgfcontrib/tikzlibrarydecor
ations.softclip.code.tex
(/usr/share/texlive/texmf-dist/tex/generic/pgfplots/pgfcontrib/pgflibraryfillbe
tween.code.tex)))
(/usr/share/texlive/texmf-dist/tex/generic/pgfplots/libs/tikzlibrarypgfplots.de
corations.softclip.code.tex)) (./dynamic.tex) (./template.aux)
\openout1 = `template.aux'.

LaTeX Font Info:    Checking defaults for OML/cmm/m/it on input line 59.
LaTeX Font Info:    ... okay on input line 59.
LaTeX Font Info:    Checking defaults for T1/cmr/m/n on input line 59.
LaTeX Font Info:    ... okay on input line 59.
LaTeX Font Info:    Checking defaults for OT1/cmr/m/n on input line 59.
LaTeX Font Info:    ... okay on input line 59.
LaTeX Font Info:    Checking defaults for OMS/cmsy/m/n on input line 59.
LaTeX Font Info:    ... okay on input line 59.
LaTeX Font Info:    Checking defaults for OMX/cmex/m/n on input line 59.
LaTeX Font Info:    ... okay on input line 59.
LaTeX Font Info:    Checking defaults for U/cmr/m/n on input line 59.
LaTeX Font Info:    ... okay on input line 59.

(/usr/share/texlive/texmf-dist/tex/context/base/mkii/supp-pdf.mkii
[Loading MPS to PDF converter (version 2006.09.02).]
\scratchcounter=\count118
\scratchdimen=\dimen169
\scratchbox=\box39
\nofMPsegments=\count119
\nofMParguments=\count120
\everyMPshowfont=\toks32
\MPscratchCnt=\count121
\MPscratchDim=\dimen170
\MPnumerator=\count122
\makeMPintoPDFobject=\count123
\everyMPtoPDFconversion=\toks33
) (/usr/share/texlive/texmf-dist/tex/latex/oberdiek/epstopdf-base.sty
Package: epstopdf-base 2016/05/15 v2.6 Base part for package epstopdf

(/usr/share/texlive/texmf-dist/tex/generic/oberdiek/infwarerr.sty
Package: infwarerr 2016/05/16 v1.4 Providing info/warning/error messages (HO)
)
(/usr/share/texlive/texmf-dist/tex/latex/oberdiek/grfext.sty
Package: grfext 2016/05/16 v1.2 Manage graphics extensions (HO)

(/usr/share/texlive/texmf-dist/tex/generic/oberdiek/kvdefinekeys.sty
Package: kvdefinekeys 2016/05/16 v1.4 Define keys (HO)

(/usr/share/texlive/texmf-dist/tex/generic/oberdiek/ltxcmds.sty
Package: ltxcmds 2016/05/16 v1.23 LaTeX kernel commands for general use (HO)
)))
(/usr/share/texlive/texmf-dist/tex/latex/oberdiek/kvoptions.sty
Package: kvoptions 2016/05/16 v3.12 Key value format for package options (HO)

(/usr/share/texlive/texmf-dist/tex/generic/oberdiek/kvsetkeys.sty
Package: kvsetkeys 2016/05/16 v1.17 Key value parser (HO)

(/usr/share/texlive/texmf-dist/tex/generic/oberdiek/etexcmds.sty
Package: etexcmds 2016/05/16 v1.6 Avoid name clashes with e-TeX commands (HO)
Package etexcmds Info: Could not find \expanded.
(etexcmds)             That can mean that you are not using pdfTeX 1.50 or
(etexcmds)             that some package has redefined \expanded.
(etexcmds)             In the latter case, load this package earlier.
)))
(/usr/share/texlive/texmf-dist/tex/generic/oberdiek/pdftexcmds.sty
Package: pdftexcmds 2018/01/21 v0.26 Utility functions of pdfTeX for LuaTeX (HO
)
Package pdftexcmds Info: LuaTeX not detected.
Package pdftexcmds Info: \pdf@primitive is available.
Package pdftexcmds Info: \pdf@ifprimitive is available.
Package pdftexcmds Info: \pdfdraftmode found.
)
Package epstopdf-base Info: Redefining graphics rule for `.eps' on input line 4
38.
Package grfext Info: Graphics extension search list:
(grfext)             [.pdf,.png,.jpg,.mps,.jpeg,.jbig2,.jb2,.PDF,.PNG,.JPG,.JPE
G,.JBIG2,.JB2,.eps]
(grfext)             \AppendGraphicsExtensions on input line 456.

(/usr/share/texlive/texmf-dist/tex/latex/latexconfig/epstopdf-sys.cfg
File: epstopdf-sys.cfg 2010/07/13 v1.3 Configuration of (r)epstopdf for TeX Liv
e
))
ABD: EveryShipout initializing macros

Package pgfplots Warning: running in backwards compatibility mode (unsuitable t
ick labels; missing features). Consider writing \pgfplotsset{compat=1.15} into 
your preamble.
 on input line 59.

</home/mathias/dev/autonomous_driving/exported_replays/cnn_test1_var03_2019-07-
31-13-56-48/frames/frame_08102.jpg, id=39, 200.75pt x 78.2925pt>
File: /home/mathias/dev/autonomous_driving/exported_replays/cnn_test1_var03_201
9-07-31-13-56-48/frames/frame_08102.jpg Graphic file (type jpg)
<use /home/mathias/dev/autonomous_driving/exported_replays/cnn_test1_var03_2019
-07-31-13-56-48/frames/frame_08102.jpg>
Package pdftex.def Info: /home/mathias/dev/autonomous_driving/exported_replays/
cnn_test1_var03_2019-07-31-13-56-48/frames/frame_08102.jpg  used on input line 
68.
(pdftex.def)             Requested size: 113.81102pt x 44.38705pt.
LaTeX Font Info:    External font `cmex10' loaded for size
(Font)              <7> on input line 71.
LaTeX Font Info:    External font `cmex10' loaded for size
(Font)              <5> on input line 71.
</home/mathias/dev/autonomous_driving/exported_replays/cnn_test1_var03_2019-07-
31-13-56-48/saliency_aux/frame_08102_layer_0.png, id=40, 216.81pt x 84.5559pt>
File: /home/mathias/dev/autonomous_driving/exported_replays/cnn_test1_var03_201
9-07-31-13-56-48/saliency_aux/frame_08102_layer_0.png Graphic file (type png)
<use /home/mathias/dev/autonomous_driving/exported_replays/cnn_test1_var03_2019
-07-31-13-56-48/saliency_aux/frame_08102_layer_0.png>
Package pdftex.def Info: /home/mathias/dev/autonomous_driving/exported_replays/
cnn_test1_var03_2019-07-31-13-56-48/saliency_aux/frame_08102_layer_0.png  used 
on input line 79.
(pdftex.def)             Requested size: 36.98866pt x 14.42462pt.
File: /home/mathias/dev/autonomous_driving/exported_replays/cnn_test1_var03_201
9-07-31-13-56-48/saliency_aux/frame_08102_layer_0.png Graphic file (type png)
<use /home/mathias/dev/autonomous_driving/exported_replays/cnn_test1_var03_2019
-07-31-13-56-48/saliency_aux/frame_08102_layer_0.png>
Package pdftex.def Info: /home/mathias/dev/autonomous_driving/exported_replays/
cnn_test1_var03_2019-07-31-13-56-48/saliency_aux/frame_08102_layer_0.png  used 
on input line 80.
(pdftex.def)             Requested size: 36.98866pt x 14.42462pt.
File: /home/mathias/dev/autonomous_driving/exported_replays/cnn_test1_var03_201
9-07-31-13-56-48/saliency_aux/frame_08102_layer_0.png Graphic file (type png)
<use /home/mathias/dev/autonomous_driving/exported_replays/cnn_test1_var03_2019
-07-31-13-56-48/saliency_aux/frame_08102_layer_0.png>
Package pdftex.def Info: /home/mathias/dev/autonomous_driving/exported_replays/
cnn_test1_var03_2019-07-31-13-56-48/saliency_aux/frame_08102_layer_0.png  used 
on input line 81.
(pdftex.def)             Requested size: 36.98866pt x 14.42462pt.
</home/mathias/dev/autonomous_driving/exported_replays/cnn_test1_var03_2019-07-
31-13-56-48/saliency_aux/frame_08102_layer_2.png, id=44, 216.81pt x 84.5559pt>
File: /home/mathias/dev/autonomous_driving/exported_replays/cnn_test1_var03_201
9-07-31-13-56-48/saliency_aux/frame_08102_layer_2.png Graphic file (type png)
<use /home/mathias/dev/autonomous_driving/exported_replays/cnn_test1_var03_2019
-07-31-13-56-48/saliency_aux/frame_08102_layer_2.png>
Package pdftex.def Info: /home/mathias/dev/autonomous_driving/exported_replays/
cnn_test1_var03_2019-07-31-13-56-48/saliency_aux/frame_08102_layer_2.png  used 
on input line 85.
(pdftex.def)             Requested size: 28.45274pt x 11.09586pt.
File: /home/mathias/dev/autonomous_driving/exported_replays/cnn_test1_var03_201
9-07-31-13-56-48/saliency_aux/frame_08102_layer_2.png Graphic file (type png)
<use /home/mathias/dev/autonomous_driving/exported_replays/cnn_test1_var03_2019
-07-31-13-56-48/saliency_aux/frame_08102_layer_2.png>
Package pdftex.def Info: /home/mathias/dev/autonomous_driving/exported_replays/
cnn_test1_var03_2019-07-31-13-56-48/saliency_aux/frame_08102_layer_2.png  used 
on input line 86.
(pdftex.def)             Requested size: 28.45274pt x 11.09586pt.
File: /home/mathias/dev/autonomous_driving/exported_replays/cnn_test1_var03_201
9-07-31-13-56-48/saliency_aux/frame_08102_layer_2.png Graphic file (type png)
<use /home/mathias/dev/autonomous_driving/exported_replays/cnn_test1_var03_2019
-07-31-13-56-48/saliency_aux/frame_08102_layer_2.png>
Package pdftex.def Info: /home/mathias/dev/autonomous_driving/exported_replays/
cnn_test1_var03_2019-07-31-13-56-48/saliency_aux/frame_08102_layer_2.png  used 
on input line 87.
(pdftex.def)             Requested size: 28.45274pt x 11.09586pt.
File: /home/mathias/dev/autonomous_driving/exported_replays/cnn_test1_var03_201
9-07-31-13-56-48/saliency_aux/frame_08102_layer_2.png Graphic file (type png)
<use /home/mathias/dev/autonomous_driving/exported_replays/cnn_test1_var03_2019
-07-31-13-56-48/saliency_aux/frame_08102_layer_2.png>
Package pdftex.def Info: /home/mathias/dev/autonomous_driving/exported_replays/
cnn_test1_var03_2019-07-31-13-56-48/saliency_aux/frame_08102_layer_2.png  used 
on input line 89.
(pdftex.def)             Requested size: 28.45274pt x 11.09586pt.
File: /home/mathias/dev/autonomous_driving/exported_replays/cnn_test1_var03_201
9-07-31-13-56-48/saliency_aux/frame_08102_layer_2.png Graphic file (type png)
<use /home/mathias/dev/autonomous_driving/exported_replays/cnn_test1_var03_2019
-07-31-13-56-48/saliency_aux/frame_08102_layer_2.png>
Package pdftex.def Info: /home/mathias/dev/autonomous_driving/exported_replays/
cnn_test1_var03_2019-07-31-13-56-48/saliency_aux/frame_08102_layer_2.png  used 
on input line 90.
(pdftex.def)             Requested size: 28.45274pt x 11.09586pt.
File: /home/mathias/dev/autonomous_driving/exported_replays/cnn_test1_var03_201
9-07-31-13-56-48/saliency_aux/frame_08102_layer_2.png Graphic file (type png)
<use /home/mathias/dev/autonomous_driving/exported_replays/cnn_test1_var03_2019
-07-31-13-56-48/saliency_aux/frame_08102_layer_2.png>
Package pdftex.def Info: /home/mathias/dev/autonomous_driving/exported_replays/
cnn_test1_var03_2019-07-31-13-56-48/saliency_aux/frame_08102_layer_2.png  used 
on input line 91.
(pdftex.def)             Requested size: 28.45274pt x 11.09586pt.
Missing character: There is no ; in font nullfont!
File: /home/mathias/dev/autonomous_driving/exported_replays/cnn_test1_var03_201
9-07-31-13-56-48/saliency_aux/frame_08102_layer_2.png Graphic file (type png)
<use /home/mathias/dev/autonomous_driving/exported_replays/cnn_test1_var03_2019
-07-31-13-56-48/saliency_aux/frame_08102_layer_2.png>
Package pdftex.def Info: /home/mathias/dev/autonomous_driving/exported_replays/
cnn_test1_var03_2019-07-31-13-56-48/saliency_aux/frame_08102_layer_2.png  used 
on input line 92.
(pdftex.def)             Requested size: 28.45274pt x 11.09586pt.
</home/mathias/dev/autonomous_driving/exported_replays/cnn_test1_var03_2019-07-
31-13-56-48/saliency_aux/frame_08102_layer_3.png, id=45, 216.81pt x 84.5559pt>
File: /home/mathias/dev/autonomous_driving/exported_replays/cnn_test1_var03_201
9-07-31-13-56-48/saliency_aux/frame_08102_layer_3.png Graphic file (type png)
<use /home/mathias/dev/autonomous_driving/exported_replays/cnn_test1_var03_2019
-07-31-13-56-48/saliency_aux/frame_08102_layer_3.png>
Package pdftex.def Info: /home/mathias/dev/autonomous_driving/exported_replays/
cnn_test1_var03_2019-07-31-13-56-48/saliency_aux/frame_08102_layer_3.png  used 
on input line 94.
(pdftex.def)             Requested size: 25.6073pt x 9.98627pt.
File: /home/mathias/dev/autonomous_driving/exported_replays/cnn_test1_var03_201
9-07-31-13-56-48/saliency_aux/frame_08102_layer_3.png Graphic file (type png)
<use /home/mathias/dev/autonomous_driving/exported_replays/cnn_test1_var03_2019
-07-31-13-56-48/saliency_aux/frame_08102_layer_3.png>
Package pdftex.def Info: /home/mathias/dev/autonomous_driving/exported_replays/
cnn_test1_var03_2019-07-31-13-56-48/saliency_aux/frame_08102_layer_3.png  used 
on input line 95.
(pdftex.def)             Requested size: 25.6073pt x 9.98627pt.
File: /home/mathias/dev/autonomous_driving/exported_replays/cnn_test1_var03_201
9-07-31-13-56-48/saliency_aux/frame_08102_layer_3.png Graphic file (type png)
<use /home/mathias/dev/autonomous_driving/exported_replays/cnn_test1_var03_2019
-07-31-13-56-48/saliency_aux/frame_08102_layer_3.png>
Package pdftex.def Info: /home/mathias/dev/autonomous_driving/exported_replays/
cnn_test1_var03_2019-07-31-13-56-48/saliency_aux/frame_08102_layer_3.png  used 
on input line 96.
(pdftex.def)             Requested size: 25.6073pt x 9.98627pt.
Missing character: There is no ; in font nullfont!
File: /home/mathias/dev/autonomous_driving/exported_replays/cnn_test1_var03_201
9-07-31-13-56-48/saliency_aux/frame_08102_layer_3.png Graphic file (type png)
<use /home/mathias/dev/autonomous_driving/exported_replays/cnn_test1_var03_2019
-07-31-13-56-48/saliency_aux/frame_08102_layer_3.png>
Package pdftex.def Info: /home/mathias/dev/autonomous_driving/exported_replays/
cnn_test1_var03_2019-07-31-13-56-48/saliency_aux/frame_08102_layer_3.png  used 
on input line 97.
(pdftex.def)             Requested size: 25.6073pt x 9.98627pt.
File: /home/mathias/dev/autonomous_driving/exported_replays/cnn_test1_var03_201
9-07-31-13-56-48/saliency_aux/frame_08102_layer_3.png Graphic file (type png)
<use /home/mathias/dev/autonomous_driving/exported_replays/cnn_test1_var03_2019
-07-31-13-56-48/saliency_aux/frame_08102_layer_3.png>
Package pdftex.def Info: /home/mathias/dev/autonomous_driving/exported_replays/
cnn_test1_var03_2019-07-31-13-56-48/saliency_aux/frame_08102_layer_3.png  used 
on input line 98.
(pdftex.def)             Requested size: 25.6073pt x 9.98627pt.
</home/mathias/dev/autonomous_driving/exported_replays/cnn_test1_var03_2019-07-
31-13-56-48/saliency_map/frame_08102.png, id=46, 216.81pt x 84.5559pt>
File: /home/mathias/dev/autonomous_driving/exported_replays/cnn_test1_var03_201
9-07-31-13-56-48/saliency_map/frame_08102.png Graphic file (type png)
<use /home/mathias/dev/autonomous_driving/exported_replays/cnn_test1_var03_2019
-07-31-13-56-48/saliency_map/frame_08102.png>
Package pdftex.def Info: /home/mathias/dev/autonomous_driving/exported_replays/
cnn_test1_var03_2019-07-31-13-56-48/saliency_map/frame_08102.png  used on input
 line 115.
(pdftex.def)             Requested size: 113.81102pt x 44.38603pt.
<wheel.png, id=49, 128.48pt x 120.45pt>
File: wheel.png Graphic file (type png)
<use wheel.png>
Package pdftex.def Info: wheel.png  used on input line 125.
(pdftex.def)             Requested size: 19.91684pt x 18.67139pt.
(./layer1.tex) (./layer2.tex)
<cmap.png, id=52, 7.227pt x 166.9437pt>
File: cmap.png Graphic file (type png)
<use cmap.png>
Package pdftex.def Info: cmap.png  used on input line 212.
(pdftex.def)             Requested size: 1.72437pt x 39.83368pt.
</home/mathias/dev/autonomous_driving/exported_replays/cnn_test1_var03_2019-07-
31-13-56-48/gps_map/map_08102.png, id=56, 216.81pt x 216.81pt>
File: /home/mathias/dev/autonomous_driving/exported_replays/cnn_test1_var03_201
9-07-31-13-56-48/gps_map/map_08102.png Graphic file (type png)
<use /home/mathias/dev/autonomous_driving/exported_replays/cnn_test1_var03_2019
-07-31-13-56-48/gps_map/map_08102.png>
Package pdftex.def Info: /home/mathias/dev/autonomous_driving/exported_replays/
cnn_test1_var03_2019-07-31-13-56-48/gps_map/map_08102.png  used on input line 2
21.
(pdftex.def)             Requested size: 28.45274pt x 28.45094pt.
 [1

{/var/lib/texmf/fonts/map/pdftex/updmap/pdftex.map} </home/mathias/dev/autonomo
us_driving/exported_replays/cnn_test1_var03_2019-07-31-13-56-48/frames/frame_08
102.jpg> </home/mathias/dev/autonomous_driving/exported_replays/cnn_test1_var03
_2019-07-31-13-56-48/saliency_aux/frame_08102_layer_0.png> </home/mathias/dev/a
utonomous_driving/exported_replays/cnn_test1_var03_2019-07-31-13-56-48/saliency
_aux/frame_08102_layer_2.png> </home/mathias/dev/autonomous_driving/exported_re
plays/cnn_test1_var03_2019-07-31-13-56-48/saliency_aux/frame_08102_layer_3.png>
 </home/mathias/dev/autonomous_driving/exported_replays/cnn_test1_var03_2019-07
-31-13-56-48/saliency_map/frame_08102.png> <./wheel.png> <./cmap.png> </home/ma
thias/dev/autonomous_driving/exported_replays/cnn_test1_var03_2019-07-31-13-56-
48/gps_map/map_08102.png>] (./template.aux) ) 
Here is how much of TeX's memory you used:
 30388 strings out of 494757
 711980 string characters out of 6175786
 1503860 words of memory out of 5000000
 33331 multiletter control sequences out of 15000+600000
 4845 words of font info for 18 fonts, out of 8000000 for 9000
 81 hyphenation exceptions out of 8191
 63i,7n,96p,792b,767s stack positions out of 5000i,500n,10000p,200000b,80000s
</usr/share/texlive/texmf-dist/fon
ts/type1/public/amsfonts/cm/cmmi7.pfb></usr/share/texlive/texmf-dist/fonts/type
1/public/amsfonts/cm/cmr5.pfb></usr/share/texlive/texmf-dist/fonts/type1/public
/amsfonts/cm/cmss8.pfb>
Output written on template.pdf (1 page, 112963 bytes).
PDF statistics:
 82 PDF objects out of 1000 (max. 8388607)
 33 compressed objects within 1 object stream
 0 named destinations out of 1000 (max. 500000)
 215 words of extra memory for PDF output out of 10000 (max. 10000000)

